2025-01-13 16:10:09.5126|DEBUG|browserstack_sdk.Program|Resolving dependencies from command
2025-01-13 16:10:09.5235|INFO|browserstack_sdk.utils|Using dotnet: /usr/local/share/dotnet/dotnet
2025-01-13 16:10:10.2419|DEBUG|browserstack_sdk.utils|Executing /usr/local/share/dotnet/dotnet  : 0, 
  Determining projects to restore...
  All projects are up-to-date for restore.

2025-01-13 16:10:10.8228|DEBUG|browserstack_sdk.utils|Executing /usr/local/share/dotnet/dotnet  : 0, 
Project 'PlaywrightDotnetTests' has the following package references
   [net6.0]: 
   Top-level Package               Requested   Resolved
   > BrowserStack.TestAdapter      0.*         0.13.15 
   > Microsoft.Playwright          1.19.1      1.19.1  
   > Newtonsoft.Json               13.0.2      13.0.2  

   Transitive Package                                                                   Resolved           
   > Castle.Core                                                                        4.3.1              
   > Lib.Harmony                                                                        2.3.0-prerelease.5 
   > Macross.Json.Extensions                                                            2.2.0              
   > Microsoft.CodeAnalysis.Analyzers                                                   3.3.4              
   > Microsoft.CodeAnalysis.Common                                                      4.7.0              
   > Microsoft.CodeAnalysis.CSharp                                                      4.7.0              
   > Microsoft.CSharp                                                                   4.7.0              
   > Microsoft.NETCore.Platforms                                                        1.1.0              
   > Microsoft.NETCore.Targets                                                          1.1.0              
   > Microsoft.TestPlatform.ObjectModel                                                 16.11.0            
   > Microsoft.Win32.Primitives                                                         4.3.0              
   > Mono.Cecil                                                                         0.11.5             
   > MonoMod.Backports                                                                  1.1.0-prerelease.2 
   > MonoMod.Core                                                                       1.1.0-prerelease.2 
   > MonoMod.ILHelpers                                                                  1.0.1-prerelease.2 
   > MonoMod.Utils                                                                      25.0.3-prerelease.2
   > NETStandard.Library                                                                1.6.1              
   > NLog                                                                               5.0.4              
   > NuGet.Frameworks                                                                   5.0.0              
   > PercyIO.Appium                                                                     3.0.2              
   > runtime.debian.8-x64.runtime.native.System.Security.Cryptography.OpenSsl           4.3.0              
   > runtime.fedora.23-x64.runtime.native.System.Security.Cryptography.OpenSsl          4.3.0              
   > runtime.fedora.24-x64.runtime.native.System.Security.Cryptography.OpenSsl          4.3.0              
   > runtime.native.System                                                              4.3.0              
   > runtime.native.System.IO.Compression                                               4.3.0              
   > runtime.native.System.Net.Http                                                     4.3.0              
   > runtime.native.System.Security.Cryptography.Apple                                  4.3.0              
   > runtime.native.System.Security.Cryptography.OpenSsl                                4.3.0              
   > runtime.opensuse.13.2-x64.runtime.native.System.Security.Cryptography.OpenSsl      4.3.0              
   > runtime.opensuse.42.1-x64.runtime.native.System.Security.Cryptography.OpenSsl      4.3.0              
   > runtime.osx.10.10-x64.runtime.native.System.Security.Cryptography.Apple            4.3.0              
   > runtime.osx.10.10-x64.runtime.native.System.Security.Cryptography.OpenSsl          4.3.0              
   > runtime.rhel.7-x64.runtime.native.System.Security.Cryptography.OpenSsl             4.3.0              
   > runtime.ubuntu.14.04-x64.runtime.native.System.Security.Cryptography.OpenSsl       4.3.0              
   > runtime.ubuntu.16.04-x64.runtime.native.System.Security.Cryptography.OpenSsl       4.3.0              
   > runtime.ubuntu.16.10-x64.runtime.native.System.Security.Cryptography.OpenSsl       4.3.0              
   > Serilog                                                                            2.0.0              
   > System.AppContext                                                                  4.3.0              
   > System.Buffers                                                                     4.3.0              
   > System.CodeDom                                                                     7.0.0              
   > System.Collections                                                                 4.3.0              
   > System.Collections.Concurrent                                                      4.3.0              
   > System.Collections.Immutable                                                       7.0.0              
   > System.Collections.NonGeneric                                                      4.3.0              
   > System.Collections.Specialized                                                     4.3.0              
   > System.ComponentModel                                                              4.3.0              
   > System.ComponentModel.Annotations                                                  5.0.0              
   > System.ComponentModel.Primitives                                                   4.3.0              
   > System.ComponentModel.TypeConverter                                                4.3.0              
   > System.Console                                                                     4.3.0              
   > System.Diagnostics.Debug                                                           4.3.0              
   > System.Diagnostics.DiagnosticSource                                                4.3.0              
   > System.Diagnostics.Tools                                                           4.3.0              
   > System.Diagnostics.TraceSource                                                     4.3.0              
   > System.Diagnostics.Tracing                                                         4.3.0              
   > System.Dynamic.Runtime                                                             4.3.0              
   > System.Globalization                                                               4.3.0              
   > System.Globalization.Calendars                                                     4.3.0              
   > System.Globalization.Extensions                                                    4.3.0              
   > System.IO                                                                          4.3.0              
   > System.IO.Compression                                                              4.3.0              
   > System.IO.Compression.ZipFile                                                      4.3.0              
   > System.IO.FileSystem                                                               4.3.0              
   > System.IO.FileSystem.Primitives                                                    4.3.0              
   > System.Linq                                                                        4.3.0              
   > System.Linq.Expressions                                                            4.3.0              
   > System.Management                                                                  7.0.1              
   > System.Net.Http                                                                    4.3.0              
   > System.Net.Primitives                                                              4.3.0              
   > System.Net.Sockets                                                                 4.3.0              
   > System.ObjectModel                                                                 4.3.0              
   > System.Reflection                                                                  4.3.0              
   > System.Reflection.Emit                                                             4.3.0              
   > System.Reflection.Emit.ILGeneration                                                4.3.0              
   > System.Reflection.Emit.Lightweight                                                 4.3.0              
   > System.Reflection.Extensions                                                       4.3.0              
   > System.Reflection.Metadata                                                         7.0.0              
   > System.Reflection.Primitives                                                       4.3.0              
   > System.Reflection.TypeExtensions                                                   4.3.0              
   > System.Resources.ResourceManager                                                   4.3.0              
   > System.Runtime                                                                     4.3.0              
   > System.Runtime.CompilerServices.Unsafe                                             6.0.0              
   > System.Runtime.Extensions                                                          4.3.0              
   > System.Runtime.Handles                                                             4.3.0              
   > System.Runtime.InteropServices                                                     4.3.0              
   > System.Runtime.InteropServices.RuntimeInformation                                  4.3.0              
   > System.Runtime.Numerics                                                            4.3.0              
   > System.Security.Cryptography.Algorithms                                            4.3.0              
   > System.Security.Cryptography.Cng                                                   4.3.0              
   > System.Security.Cryptography.Csp                                                   4.3.0              
   > System.Security.Cryptography.Encoding                                              4.3.0              
   > System.Security.Cryptography.OpenSsl                                               4.3.0              
   > System.Security.Cryptography.Primitives                                            4.3.0              
   > System.Security.Cryptography.X509Certificates                                      4.3.0              
   > System.Text.Encoding                                                               4.3.0              
   > System.Text.Encoding.Extensions                                                    4.3.0              
   > System.Text.Encodings.Web                                                          6.0.0              
   > System.Text.Json                                                                   6.0.9              
   > System.Text.RegularExpressions                                                     4.3.0              
   > System.Threading                                                                   4.3.0              
   > System.Threading.Tasks                                                             4.3.0              
   > System.Threading.Tasks.Extensions                                                  4.3.0              
   > System.Threading.Timer                                                             4.3.0              
   > System.Xml.ReaderWriter                                                            4.3.0              
   > System.Xml.XDocument                                                               4.3.0              
   > System.Xml.XmlDocument                                                             4.3.0              


2025-01-13 16:10:10.8236|DEBUG|browserstack_sdk.utils|ExtractPackages: Got packages output: 
Project 'PlaywrightDotnetTests' has the following package references
   [net6.0]: 
   Top-level Package               Requested   Resolved
   > BrowserStack.TestAdapter      0.*         0.13.15 
   > Microsoft.Playwright          1.19.1      1.19.1  
   > Newtonsoft.Json               13.0.2      13.0.2  

   Transitive Package                                                                   Resolved           
   > Castle.Core                                                                        4.3.1              
   > Lib.Harmony                                                                        2.3.0-prerelease.5 
   > Macross.Json.Extensions                                                            2.2.0              
   > Microsoft.CodeAnalysis.Analyzers                                                   3.3.4              
   > Microsoft.CodeAnalysis.Common                                                      4.7.0              
   > Microsoft.CodeAnalysis.CSharp                                                      4.7.0              
   > Microsoft.CSharp                                                                   4.7.0              
   > Microsoft.NETCore.Platforms                                                        1.1.0              
   > Microsoft.NETCore.Targets                                                          1.1.0              
   > Microsoft.TestPlatform.ObjectModel                                                 16.11.0            
   > Microsoft.Win32.Primitives                                                         4.3.0              
   > Mono.Cecil                                                                         0.11.5             
   > MonoMod.Backports                                                                  1.1.0-prerelease.2 
   > MonoMod.Core                                                                       1.1.0-prerelease.2 
   > MonoMod.ILHelpers                                                                  1.0.1-prerelease.2 
   > MonoMod.Utils                                                                      25.0.3-prerelease.2
   > NETStandard.Library                                                                1.6.1              
   > NLog                                                                               5.0.4              
   > NuGet.Frameworks                                                                   5.0.0              
   > PercyIO.Appium                                                                     3.0.2              
   > runtime.debian.8-x64.runtime.native.System.Security.Cryptography.OpenSsl           4.3.0              
   > runtime.fedora.23-x64.runtime.native.System.Security.Cryptography.OpenSsl          4.3.0              
   > runtime.fedora.24-x64.runtime.native.System.Security.Cryptography.OpenSsl          4.3.0              
   > runtime.native.System                                                              4.3.0              
   > runtime.native.System.IO.Compression                                               4.3.0              
   > runtime.native.System.Net.Http                                                     4.3.0              
   > runtime.native.System.Security.Cryptography.Apple                                  4.3.0              
   > runtime.native.System.Security.Cryptography.OpenSsl                                4.3.0              
   > runtime.opensuse.13.2-x64.runtime.native.System.Security.Cryptography.OpenSsl      4.3.0              
   > runtime.opensuse.42.1-x64.runtime.native.System.Security.Cryptography.OpenSsl      4.3.0              
   > runtime.osx.10.10-x64.runtime.native.System.Security.Cryptography.Apple            4.3.0              
   > runtime.osx.10.10-x64.runtime.native.System.Security.Cryptography.OpenSsl          4.3.0              
   > runtime.rhel.7-x64.runtime.native.System.Security.Cryptography.OpenSsl             4.3.0              
   > runtime.ubuntu.14.04-x64.runtime.native.System.Security.Cryptography.OpenSsl       4.3.0              
   > runtime.ubuntu.16.04-x64.runtime.native.System.Security.Cryptography.OpenSsl       4.3.0              
   > runtime.ubuntu.16.10-x64.runtime.native.System.Security.Cryptography.OpenSsl       4.3.0              
   > Serilog                                                                            2.0.0              
   > System.AppContext                                                                  4.3.0              
   > System.Buffers                                                                     4.3.0              
   > System.CodeDom                                                                     7.0.0              
   > System.Collections                                                                 4.3.0              
   > System.Collections.Concurrent                                                      4.3.0              
   > System.Collections.Immutable                                                       7.0.0              
   > System.Collections.NonGeneric                                                      4.3.0              
   > System.Collections.Specialized                                                     4.3.0              
   > System.ComponentModel                                                              4.3.0              
   > System.ComponentModel.Annotations                                                  5.0.0              
   > System.ComponentModel.Primitives                                                   4.3.0              
   > System.ComponentModel.TypeConverter                                                4.3.0              
   > System.Console                                                                     4.3.0              
   > System.Diagnostics.Debug                                                           4.3.0              
   > System.Diagnostics.DiagnosticSource                                                4.3.0              
   > System.Diagnostics.Tools                                                           4.3.0              
   > System.Diagnostics.TraceSource                                                     4.3.0              
   > System.Diagnostics.Tracing                                                         4.3.0              
   > System.Dynamic.Runtime                                                             4.3.0              
   > System.Globalization                                                               4.3.0              
   > System.Globalization.Calendars                                                     4.3.0              
   > System.Globalization.Extensions                                                    4.3.0              
   > System.IO                                                                          4.3.0              
   > System.IO.Compression                                                              4.3.0              
   > System.IO.Compression.ZipFile                                                      4.3.0              
   > System.IO.FileSystem                                                               4.3.0              
   > System.IO.FileSystem.Primitives                                                    4.3.0              
   > System.Linq                                                                        4.3.0              
   > System.Linq.Expressions                                                            4.3.0              
   > System.Management                                                                  7.0.1              
   > System.Net.Http                                                                    4.3.0              
   > System.Net.Primitives                                                              4.3.0              
   > System.Net.Sockets                                                                 4.3.0              
   > System.ObjectModel                                                                 4.3.0              
   > System.Reflection                                                                  4.3.0              
   > System.Reflection.Emit                                                             4.3.0              
   > System.Reflection.Emit.ILGeneration                                                4.3.0              
   > System.Reflection.Emit.Lightweight                                                 4.3.0              
   > System.Reflection.Extensions                                                       4.3.0              
   > System.Reflection.Metadata                                                         7.0.0              
   > System.Reflection.Primitives                                                       4.3.0              
   > System.Reflection.TypeExtensions                                                   4.3.0              
   > System.Resources.ResourceManager                                                   4.3.0              
   > System.Runtime                                                                     4.3.0              
   > System.Runtime.CompilerServices.Unsafe                                             6.0.0              
   > System.Runtime.Extensions                                                          4.3.0              
   > System.Runtime.Handles                                                             4.3.0              
   > System.Runtime.InteropServices                                                     4.3.0              
   > System.Runtime.InteropServices.RuntimeInformation                                  4.3.0              
   > System.Runtime.Numerics                                                            4.3.0              
   > System.Security.Cryptography.Algorithms                                            4.3.0              
   > System.Security.Cryptography.Cng                                                   4.3.0              
   > System.Security.Cryptography.Csp                                                   4.3.0              
   > System.Security.Cryptography.Encoding                                              4.3.0              
   > System.Security.Cryptography.OpenSsl                                               4.3.0              
   > System.Security.Cryptography.Primitives                                            4.3.0              
   > System.Security.Cryptography.X509Certificates                                      4.3.0              
   > System.Text.Encoding                                                               4.3.0              
   > System.Text.Encoding.Extensions                                                    4.3.0              
   > System.Text.Encodings.Web                                                          6.0.0              
   > System.Text.Json                                                                   6.0.9              
   > System.Text.RegularExpressions                                                     4.3.0              
   > System.Threading                                                                   4.3.0              
   > System.Threading.Tasks                                                             4.3.0              
   > System.Threading.Tasks.Extensions                                                  4.3.0              
   > System.Threading.Timer                                                             4.3.0              
   > System.Xml.ReaderWriter                                                            4.3.0              
   > System.Xml.XDocument                                                               4.3.0              
   > System.Xml.XmlDocument                                                             4.3.0              


2025-01-13 16:10:10.8236|INFO|browserstack_sdk.Program|Detected Playwright version 1.19.1
2025-01-13 16:10:10.8244|INFO|browserstack_sdk.Program|Running for f/w vanila none
2025-01-13 16:10:10.9175|DEBUG|browserstack_sdk.utils|Executing dotnet  : 0, 
8.0.200

2025-01-13 16:10:10.9175|INFO|browserstack_sdk.Program|Detected dotnet version 8.0.200
2025-01-13 16:10:10.9549|ERROR|browserstack_sdk.Program|Uncaught exception occured: System.Exception: Config file does not exist at any parent directory of . Please include a browserstack.yml/browserstack.yaml file containing configuration for tests.
   at browserstack_sdk.YamlParser.parse(String browserStackConfigFilePath, JObject cliArgs, String projectDir) in D:\a\browserstack-csharp-sdk\browserstack-csharp-sdk\run-browserstack\browserstack-sdk\ParseYaml.cs:line 705
   at browserstack_sdk.Program.Main(String[] args) in D:\a\browserstack-csharp-sdk\browserstack-csharp-sdk\run-browserstack\browserstack-sdk\Program.cs:line 621
